Master launched Process P0 (PID 416) at time 0:721
Master launched Process P1 (PID 417) at time 0:1066
Master received msg from P0: Requesting 6 of R4 at time 0:10330
Request granted

Resource Allocation Table at time 0:10330:
    Total    Available
R0:     6          6
R1:     2          2
R2:    10         10
R3:     5          5
R4:    10          4

Allocation per Process:
P0: R0=0 R1=0 R2=0 R3=0 R4=6 

Master received msg from P1: Releasing 5 of R0 at time 0:10733

Resource Allocation Table at time 0:10733:
    Total    Available
R0:     6         11
R1:     2          2
R2:    10         10
R3:     5          5
R4:    10          4

Allocation per Process:
P0: R0=0 R1=0 R2=0 R3=0 R4=6 

Master received msg from P0: Releasing 6 of R2 at time 0:32852

Resource Allocation Table at time 0:32852:
    Total    Available
R0:     6         11
R1:     2          2
R2:    10         16
R3:     5          5
R4:    10          4

Allocation per Process:
P0: R0=0 R1=0 R2=-6 R3=0 R4=6 

Master received msg from P1: Releasing 3 of R2 at time 0:33540

Resource Allocation Table at time 0:33540:
    Total    Available
R0:     6         11
R1:     2          2
R2:    10         19
R3:     5          5
R4:    10          4

Allocation per Process:
P0: R0=0 R1=0 R2=-6 R3=0 R4=6 

Master received msg from P0: Releasing 1 of R3 at time 0:52069

Resource Allocation Table at time 0:52069:
    Total    Available
R0:     6         11
R1:     2          2
R2:    10         19
R3:     5          6
R4:    10          4

Allocation per Process:
P0: R0=0 R1=0 R2=-6 R3=-1 R4=6 

Master received msg from P1: Requesting 9 of R3 at time 0:52872
Request denied (not enough resources), P1 would be blocked

Resource Allocation Table at time 0:52872:
    Total    Available
R0:     6         11
R1:     2          2
R2:    10         19
R3:     5          6
R4:    10          4

Allocation per Process:
P0: R0=0 R1=0 R2=-6 R3=-1 R4=6 

Master received msg from P1: Requesting 4 of R1 at time 0:77108
Request denied (not enough resources), P1 would be blocked

Resource Allocation Table at time 0:77108:
    Total    Available
R0:     6         11
R1:     2          2
R2:    10         19
R3:     5          6
R4:    10          4

Allocation per Process:
P0: R0=0 R1=0 R2=-6 R3=-1 R4=6 

Master received msg from P0: Releasing 9 of R2 at time 0:77849

Resource Allocation Table at time 0:77849:
    Total    Available
R0:     6         11
R1:     2          2
R2:    10         28
R3:     5          6
R4:    10          4

Allocation per Process:
P0: R0=0 R1=0 R2=-15 R3=-1 R4=6 

Master received msg from P0: Releasing 10 of R1 at time 0:97946

Resource Allocation Table at time 0:97946:
    Total    Available
R0:     6         11
R1:     2         12
R2:    10         28
R3:     5          6
R4:    10          4

Allocation per Process:
P0: R0=0 R1=-10 R2=-15 R3=-1 R4=6 

Master received msg from P1: Requesting 1 of R1 at time 0:98006
Request granted

Resource Allocation Table at time 0:98006:
    Total    Available
R0:     6         11
R1:     2         11
R2:    10         28
R3:     5          6
R4:    10          4

Allocation per Process:
P0: R0=0 R1=-10 R2=-15 R3=-1 R4=6 
P1: R0=-5 R1=1 R2=-3 R3=0 R4=0 

